<?xml version="1.0" encoding="UTF-8"?>
<robot generator="Robot 7.2 (Python 3.11.12 on linux)" generated="2025-05-15T19:07:51.654259" rpa="false" schemaversion="5">
<suite id="s1" name="Test Cases" source="/ren_docker_app/api-automation-python/output/../test_cases">
<suite id="s1-s1" name="TestProfile" source="/ren_docker_app/api-automation-python/output/../test_cases/TestProfile.robot">
<test id="s1-s1-t1" name="Print User Data" line="13">
<kw name="Log" owner="BuiltIn">
<msg time="2025-05-15T19:07:51.726195" level="INFO">Full user data: {'auth_id': 'xxxxxx', 'auth_token': 'yyyyyyy', 'profile': {'create': '149c3016-6c1a-41d8-8c2e-0b6bd1f570d2', 'get': '12acdc34-68b3-4465-9344-48cc5d2d6274', 'update': 'fa8ecff1-41fd-41d5-b9a2-8473553c54e6', 'delete': '3e57cbfa-0a29-4427-99d3-32d2cb6d0c7a'}}</msg>
<arg>Full user data: ${renauto1}</arg>
<doc>Logs the given message with the given level.</doc>
<status status="PASS" start="2025-05-15T19:07:51.726097" elapsed="0.000134"/>
</kw>
<kw name="Log" owner="BuiltIn">
<msg time="2025-05-15T19:07:51.726334" level="INFO">Profile UUID: 12acdc34-68b3-4465-9344-48cc5d2d6274</msg>
<arg>Profile UUID: ${profile_uuid_get}</arg>
<doc>Logs the given message with the given level.</doc>
<status status="PASS" start="2025-05-15T19:07:51.726282" elapsed="0.000077"/>
</kw>
<tag>smoke</tag>
<status status="PASS" start="2025-05-15T19:07:51.725677" elapsed="0.000729"/>
</test>
<test id="s1-s1-t2" name="TEST_1 Create profile details and see the response" line="18">
<kw name="Create Profile" owner="ProfileService">
<msg time="2025-05-15T19:07:51.726679" level="INFO">Performing POST request to create a profile</msg>
<msg time="2025-05-15T19:07:51.726712" level="INFO">https://renold.free.beeceptor.com/profile/</msg>
<msg time="2025-05-15T19:07:52.695891" level="INFO">200</msg>
<msg time="2025-05-15T19:07:52.696065" level="INFO">{
        "profile_uuid": "149c3016-6c1a-41d8-8c2e-0b6bd1f570d2",
        "profile_name": "profile_1",
        "postal_code": "98136",
        "country": "US",
        "first_name": "David",
        "last_name": "Harris",
        "phone": "14152671237",
        "email": "davidharris@example.com",
        "created_at": "2025-05-02T13:06:21.000000Z"
    }</msg>
<msg time="2025-05-15T19:07:52.696376" level="INFO">${response} = &lt;Response [200]&gt;</msg>
<var>${response}</var>
<arg>profile_name=profile_1</arg>
<arg>first_name=David</arg>
<arg>last_name=Harris</arg>
<arg>phone=14152671237</arg>
<arg>country=US</arg>
<arg>postal_code=98136</arg>
<arg>email=davidharris@example.com</arg>
<doc>This API is used for creating a profile</doc>
<status status="PASS" start="2025-05-15T19:07:51.726598" elapsed="0.969846"/>
</kw>
<kw name="Verify Create Profile" owner="ProfileService">
<msg time="2025-05-15T19:07:52.697575" level="INFO">Performing validation for create profile response</msg>
<msg time="2025-05-15T19:07:52.697797" level="INFO">{'profile_uuid': '149c3016-6c1a-41d8-8c2e-0b6bd1f570d2', 'profile_name': 'profile_1', 'postal_code': '98136', 'country': 'US', 'first_name': 'David', 'last_name': 'Harris', 'phone': '14152671237', 'email': 'davidharris@example.com', 'created_at': '2025-05-02T13:06:21.000000Z'}</msg>
<msg time="2025-05-15T19:07:52.697860" level="INFO">Key validation - profile_name successfully. Expected: profile_1, Actual: profile_1</msg>
<msg time="2025-05-15T19:07:52.697901" level="INFO">Key validation - first_name successfully. Expected: David, Actual: David</msg>
<msg time="2025-05-15T19:07:52.697938" level="INFO">Key validation - last_name successfully. Expected: Harris, Actual: Harris</msg>
<msg time="2025-05-15T19:07:52.697975" level="INFO">Key validation - phone successfully. Expected: 14152671237, Actual: 14152671237</msg>
<msg time="2025-05-15T19:07:52.698011" level="INFO">Key validation - postal_code successfully. Expected: 98136, Actual: 98136</msg>
<arg>${response}</arg>
<arg>profile_name=profile_1</arg>
<arg>first_name=David</arg>
<arg>last_name=Harris</arg>
<arg>phone=14152671237</arg>
<arg>postal_code=98136</arg>
<doc>This API is used for validating create profile request</doc>
<status status="PASS" start="2025-05-15T19:07:52.696994" elapsed="0.001125"/>
</kw>
<tag>smoke</tag>
<status status="PASS" start="2025-05-15T19:07:51.726476" elapsed="0.972015"/>
</test>
<test id="s1-s1-t3" name="TEST_2 Get profile details and see the response" line="23">
<kw name="Get Profile" owner="ProfileService">
<msg time="2025-05-15T19:07:52.700317" level="INFO">Performing GET request to fetch profile details</msg>
<msg time="2025-05-15T19:07:52.700366" level="INFO">https://renold.free.beeceptor.com/profile/12acdc34-68b3-4465-9344-48cc5d2d6274/</msg>
<msg time="2025-05-15T19:07:53.582556" level="INFO">200</msg>
<msg time="2025-05-15T19:07:53.582729" level="INFO">{
        "profile_uuid": "12acdc34-68b3-4465-9344-48cc5d2d6274",
        "profile_name": "profile_2",
        "postal_code": "K2C 3H1",
        "country": "CA",
        "first_name": "Samantha",
        "last_name": "Prabhu",
        "phone": "16135551234",
        "email": "samantha.prabhu@example.ca",
        "created_at": "2025-05-02T13:06:21.000000Z"
    }</msg>
<msg time="2025-05-15T19:07:53.582997" level="INFO">${response} = &lt;Response [200]&gt;</msg>
<var>${response}</var>
<arg>${profile_uuid_get}</arg>
<doc>This API is used for fetching profile details using the profile_uuid</doc>
<status status="PASS" start="2025-05-15T19:07:52.700017" elapsed="0.883040"/>
</kw>
<kw name="Verify Get Profile" owner="ProfileService">
<msg time="2025-05-15T19:07:53.584781" level="INFO">Performing validation for create profile response</msg>
<msg time="2025-05-15T19:07:53.584944" level="INFO">{
        "profile_uuid": "12acdc34-68b3-4465-9344-48cc5d2d6274",
        "profile_name": "profile_2",
        "postal_code": "K2C 3H1",
        "country": "CA",
        "first_name": "Samantha",
        "last_name": "Prabhu",
        "phone": "16135551234",
        "email": "samantha.prabhu@example.ca",
        "created_at": "2025-05-02T13:06:21.000000Z"
    }</msg>
<msg time="2025-05-15T19:07:53.585001" level="INFO">&lt;class 'bool'&gt;</msg>
<msg time="2025-05-15T19:07:53.585039" level="INFO">Validating Positive Case - Get Profile</msg>
<msg time="2025-05-15T19:07:53.585142" level="INFO">{'profile_uuid': '12acdc34-68b3-4465-9344-48cc5d2d6274', 'profile_name': 'profile_2', 'postal_code': 'K2C 3H1', 'country': 'CA', 'first_name': 'Samantha', 'last_name': 'Prabhu', 'phone': '16135551234', 'email': 'samantha.prabhu@example.ca', 'created_at': '2025-05-02T13:06:21.000000Z'}</msg>
<msg time="2025-05-15T19:07:53.585195" level="INFO">Key validation - profile_name successfully. Expected: profile_2, Actual: profile_2</msg>
<msg time="2025-05-15T19:07:53.585234" level="INFO">Key validation - first_name successfully. Expected: Samantha, Actual: Samantha</msg>
<msg time="2025-05-15T19:07:53.585271" level="INFO">Key validation - last_name successfully. Expected: Prabhu, Actual: Prabhu</msg>
<msg time="2025-05-15T19:07:53.585308" level="INFO">Key validation - phone successfully. Expected: 16135551234, Actual: 16135551234</msg>
<msg time="2025-05-15T19:07:53.585384" level="INFO">Key validation - postal_code successfully. Expected: K2C 3H1, Actual: K2C 3H1</msg>
<msg time="2025-05-15T19:07:53.585424" level="INFO">Key validation - email successfully. Expected: samantha.prabhu@example.ca, Actual: samantha.prabhu@example.ca</msg>
<arg>${response}</arg>
<arg>${False}</arg>
<arg>${200}</arg>
<arg>profile_name=profile_2</arg>
<arg>first_name=Samantha</arg>
<arg>last_name=Prabhu</arg>
<arg>phone=16135551234</arg>
<arg>postal_code=K2C 3H1</arg>
<arg>email=samantha.prabhu@example.ca</arg>
<doc>This API is used for validating create profile request</doc>
<status status="PASS" start="2025-05-15T19:07:53.583602" elapsed="0.001930"/>
</kw>
<tag>sanity</tag>
<tag>smoke</tag>
<status status="PASS" start="2025-05-15T19:07:52.699188" elapsed="0.886672"/>
</test>
<test id="s1-s1-t4" name="TEST_3 Get profile details and see the response - Validation failure sample" line="28">
<kw name="Get Profile" owner="ProfileService">
<msg time="2025-05-15T19:07:53.587548" level="INFO">Performing GET request to fetch profile details</msg>
<msg time="2025-05-15T19:07:53.588137" level="INFO">https://renold.free.beeceptor.com/profile/12acdc34-68b3-4465-9344-48cc5d2d6274/</msg>
<msg time="2025-05-15T19:07:54.402981" level="INFO">200</msg>
<msg time="2025-05-15T19:07:54.403175" level="INFO">{
        "profile_uuid": "12acdc34-68b3-4465-9344-48cc5d2d6274",
        "profile_name": "profile_2",
        "postal_code": "K2C 3H1",
        "country": "CA",
        "first_name": "Samantha",
        "last_name": "Prabhu",
        "phone": "16135551234",
        "email": "samantha.prabhu@example.ca",
        "created_at": "2025-05-02T13:06:21.000000Z"
    }</msg>
<msg time="2025-05-15T19:07:54.403538" level="INFO">${response} = &lt;Response [200]&gt;</msg>
<var>${response}</var>
<arg>${profile_uuid_get}</arg>
<doc>This API is used for fetching profile details using the profile_uuid</doc>
<status status="PASS" start="2025-05-15T19:07:53.587252" elapsed="0.816366"/>
</kw>
<kw name="Verify Get Profile" owner="ProfileService">
<msg time="2025-05-15T19:07:54.405487" level="INFO">Performing validation for create profile response</msg>
<msg time="2025-05-15T19:07:54.405642" level="INFO">{
        "profile_uuid": "12acdc34-68b3-4465-9344-48cc5d2d6274",
        "profile_name": "profile_2",
        "postal_code": "K2C 3H1",
        "country": "CA",
        "first_name": "Samantha",
        "last_name": "Prabhu",
        "phone": "16135551234",
        "email": "samantha.prabhu@example.ca",
        "created_at": "2025-05-02T13:06:21.000000Z"
    }</msg>
<msg time="2025-05-15T19:07:54.405701" level="INFO">&lt;class 'bool'&gt;</msg>
<msg time="2025-05-15T19:07:54.405736" level="INFO">Validating Positive Case - Get Profile</msg>
<msg time="2025-05-15T19:07:54.405799" level="INFO">{'profile_uuid': '12acdc34-68b3-4465-9344-48cc5d2d6274', 'profile_name': 'profile_2', 'postal_code': 'K2C 3H1', 'country': 'CA', 'first_name': 'Samantha', 'last_name': 'Prabhu', 'phone': '16135551234', 'email': 'samantha.prabhu@example.ca', 'created_at': '2025-05-02T13:06:21.000000Z'}</msg>
<msg time="2025-05-15T19:07:54.405838" level="INFO">Key validation - profile_name successfully. Expected: profile_2, Actual: profile_2</msg>
<msg time="2025-05-15T19:07:54.405858" level="INFO">Key validation - first_name successfully. Expected: Samantha, Actual: Samantha</msg>
<msg time="2025-05-15T19:07:54.406010" level="FAIL">Key - 'last_name' does not match. Expected: Joseph, Actual: Prabhu</msg>
<arg>${response}</arg>
<arg>is_negative=${False}</arg>
<arg>exp_status_code=${200}</arg>
<arg>profile_name=profile_2</arg>
<arg>first_name=Samantha</arg>
<arg>last_name=Joseph</arg>
<arg>phone=16135551234</arg>
<arg>postal_code="K2C 3H1"</arg>
<doc>This API is used for validating create profile request</doc>
<status status="FAIL" start="2025-05-15T19:07:54.404178" elapsed="0.002831">Key - 'last_name' does not match. Expected: Joseph, Actual: Prabhu</status>
</kw>
<tag>sanity</tag>
<tag>smoke</tag>
<status status="FAIL" start="2025-05-15T19:07:53.586327" elapsed="0.820987">Key - 'last_name' does not match. Expected: Joseph, Actual: Prabhu</status>
</test>
<status status="FAIL" start="2025-05-15T19:07:51.666229" elapsed="2.741753"/>
</suite>
<status status="FAIL" start="2025-05-15T19:07:51.655153" elapsed="2.753459"/>
</suite>
<statistics>
<total>
<stat pass="3" fail="1" skip="0">All Tests</stat>
</total>
<tag>
<stat pass="1" fail="1" skip="0">sanity</stat>
<stat pass="3" fail="1" skip="0">smoke</stat>
</tag>
<suite>
<stat name="Test Cases" id="s1" pass="3" fail="1" skip="0">Test Cases</stat>
<stat name="TestProfile" id="s1-s1" pass="3" fail="1" skip="0">Test Cases.TestProfile</stat>
</suite>
</statistics>
<errors>
</errors>
</robot>
